<?xml version="1.0" encoding="UTF-8"?>
<!-- Generated by org.testng.reporters.JUnitReportReporter -->
<testsuite hostname="BLR-STR-DURAI" failures="0" tests="1" name="com.stackroute.automation.testng.Aug11TestNG2" time="36.379" errors="0" timestamp="2020-08-11T16:08:59 IST" skipped="0">
  <testcase classname="com.stackroute.automation.testng.Aug11TestNG2" name="paytmTest01" time="36.379"/>
</testsuite> <!-- com.stackroute.automation.testng.Aug11TestNG2 -->
