<?xml version="1.0" encoding="UTF-8"?>
<!-- Generated by org.testng.reporters.JUnitReportReporter -->
<testsuite hostname="BLR-STR-DURAI" failures="0" tests="3" name="com.stackroute.automation.testng.DemoTestNG01" time="0.093" errors="0" timestamp="2020-08-11T15:31:06 IST" skipped="0">
  <testcase classname="com.stackroute.automation.testng.DemoTestNG01" name="demo02Test" time="0.074"/>
  <testcase classname="com.stackroute.automation.testng.DemoTestNG01" name="demo01Test" time="0.011"/>
  <testcase classname="com.stackroute.automation.testng.DemoTestNG01" name="demo02Test" time="0.008"/>
</testsuite> <!-- com.stackroute.automation.testng.DemoTestNG01 -->
