<?xml version="1.0" encoding="UTF-8"?>
<!-- Generated by org.testng.reporters.JUnitReportReporter -->
<testsuite hostname="BLR-STR-DURAI" failures="0" tests="1" name="com.stackroute.automation.testng.Aug11TestNG01" time="37.644" errors="0" timestamp="2020-08-11T16:28:33 IST" skipped="0">
  <testcase classname="com.stackroute.automation.testng.Aug11TestNG01" name="fileUploadTest01" time="37.644"/>
</testsuite> <!-- com.stackroute.automation.testng.Aug11TestNG01 -->
